<?xml version="1.0" encoding="UTF-8"?>
<!-- Generated by org.testng.reporters.JUnitXMLReporter -->
<testsuite hostname="Dip" ignored="0" name="Test" tests="2" failures="0" timestamp="30 Sep 2018 02:42:19 GMT" time="0.734" errors="0">
  <testcase name="@BeforeTest BeforeTest" time="0.009" classname="Base.TestBase">
    <failure type="java.lang.NullPointerException">
      <![CDATA[java.lang.NullPointerException
	at Base.TestBase.BeforeTest(TestBase.java:95)
... Removed 23 stack frames]]>
    </failure>
  </testcase> <!-- @BeforeTest BeforeTest -->
  <testcase name="@BeforeClass BeforeClass" time="0.0" classname="Base.TestBase">
    <skipped/>
  </testcase> <!-- @BeforeClass BeforeClass -->
  <testcase name="@AfterTest AfterClass" time="0.0" classname="Base.TestBase">
    <skipped/>
  </testcase> <!-- @AfterTest AfterClass -->
  <testcase name="HomePage" time="0.0" classname="Tests.Test1">
    <skipped/>
  </testcase> <!-- HomePage -->
  <testcase name="HomePage" time="0.0" classname="Tests.Test1">
    <skipped/>
  </testcase> <!-- HomePage -->
</testsuite> <!-- Test -->
