<?xml version="1.0" encoding="UTF-8"?>
<testng-results skipped="0" failed="0" ignored="0" total="1" passed="1">
  <reporter-output>
  </reporter-output>
  <suite name="Suite" duration-ms="14925" started-at="2018-11-04T09:55:59Z" finished-at="2018-11-04T09:56:14Z">
    <groups>
    </groups>
    <test name="Test" duration-ms="14925" started-at="2018-11-04T09:55:59Z" finished-at="2018-11-04T09:56:14Z">
      <class name="Test.TC1">
        <test-method status="PASS" signature="setUp()[pri:0, instance:Test.TC1@25b2fe]" name="setUp" is-config="true" duration-ms="6466" started-at="2018-11-04T09:55:59Z" finished-at="2018-11-04T09:56:06Z">
          <reporter-output>
          </reporter-output>
        </test-method> <!-- setUp -->
        <test-method status="PASS" signature="HomePageClick()[pri:0, instance:Test.TC1@25b2fe]" name="HomePageClick" duration-ms="7716" started-at="2018-11-04T09:56:06Z" finished-at="2018-11-04T09:56:14Z">
          <reporter-output>
          </reporter-output>
        </test-method> <!-- HomePageClick -->
        <test-method status="PASS" signature="teardown()[pri:0, instance:Test.TC1@25b2fe]" name="teardown" is-config="true" duration-ms="719" started-at="2018-11-04T09:56:14Z" finished-at="2018-11-04T09:56:14Z">
          <reporter-output>
          </reporter-output>
        </test-method> <!-- teardown -->
      </class> <!-- Test.TC1 -->
    </test> <!-- Test -->
  </suite> <!-- Suite -->
</testng-results>
